# JRE version: Java(TM) SE Runtime Environment (8.0_31-b13) (build 1.8.0_31-b13)
# Java VM: Java HotSpot(TM) 64-Bit Server VM (25.31-b07 mixed mode windows-amd64 compressed oops)
Heap:
 PSYoungGen      total 554496K, used 158158K [0x00000000d8100000, 0x0000000100000000, 0x0000000100000000)
  eden space 454656K, 34% used [0x00000000d8100000,0x00000000e1aa0a40,0x00000000f3d00000)
  from space 99840K, 0% used [0x00000000f3d00000,0x00000000f3dd2fe0,0x00000000f9e80000)
  to   space 99840K, 0% used [0x00000000f9e80000,0x00000000f9e80000,0x0000000100000000)
 ParOldGen       total 442368K, used 271900K [0x0000000088200000, 0x00000000a3200000, 0x00000000d8100000)
  object space 442368K, 61% used [0x0000000088200000,0x0000000098b87350,0x00000000a3200000)
 Metaspace       used 13323K, capacity 13478K, committed 13696K, reserved 1060864K
  class space    used 1786K, capacity 1839K, committed 1920K, reserved 1048576K
GC Heap History (10 events):
Event: 6.768 GC heap before
{Heap before GC invocations=10 (full 1):
 PSYoungGen      total 514048K, used 499604K [0x00000000d8100000, 0x00000000fc300000, 0x0000000100000000)
  eden space 473088K, 100% used [0x00000000d8100000,0x00000000f4f00000,0x00000000f4f00000)
  from space 40960K, 64% used [0x00000000f8300000,0x00000000f9ce5030,0x00000000fab00000)
  to   space 53248K, 0% used [0x00000000f4f00000,0x00000000f4f00000,0x00000000f8300000)
 ParOldGen       total 154112K, used 81555K [0x0000000088200000, 0x0000000091880000, 0x00000000d8100000)
  object space 154112K, 52% used [0x0000000088200000,0x000000008d1a4d28,0x0000000091880000)
 Metaspace       used 12625K, capacity 12774K, committed 13056K, reserved 1060864K
  class space    used 1707K, capacity 1775K, committed 1792K, reserved 1048576K
Event: 6.905 GC heap after
Heap after GC invocations=10 (full 1):
 PSYoungGen      total 526336K, used 53216K [0x00000000d8100000, 0x0000000100000000, 0x0000000100000000)
  eden space 473088K, 0% used [0x00000000d8100000,0x00000000d8100000,0x00000000f4f00000)
  from space 53248K, 99% used [0x00000000f4f00000,0x00000000f82f8010,0x00000000f8300000)
  to   space 74240K, 0% used [0x00000000fb780000,0x00000000fb780000,0x0000000100000000)
 ParOldGen       total 154112K, used 110107K [0x0000000088200000, 0x0000000091880000, 0x00000000d8100000)
  object space 154112K, 71% used [0x0000000088200000,0x000000008ed86d28,0x0000000091880000)
 Metaspace       used 12625K, capacity 12774K, committed 13056K, reserved 1060864K
  class space    used 1707K, capacity 1775K, committed 1792K, reserved 1048576K
}
Event: 7.469 GC heap before
{Heap before GC invocations=11 (full 1):
 PSYoungGen      total 526336K, used 526304K [0x00000000d8100000, 0x0000000100000000, 0x0000000100000000)
  eden space 473088K, 100% used [0x00000000d8100000,0x00000000f4f00000,0x00000000f4f00000)
  from space 53248K, 99% used [0x00000000f4f00000,0x00000000f82f8010,0x00000000f8300000)
  to   space 74240K, 0% used [0x00000000fb780000,0x00000000fb780000,0x0000000100000000)
 ParOldGen       total 154112K, used 110107K [0x0000000088200000, 0x0000000091880000, 0x00000000d8100000)
  object space 154112K, 71% used [0x0000000088200000,0x000000008ed86d28,0x0000000091880000)
 Metaspace       used 12625K, capacity 12774K, committed 13056K, reserved 1060864K
  class space    used 1707K, capacity 1775K, committed 1792K, reserved 1048576K
Event: 7.698 GC heap after
Heap after GC invocations=11 (full 1):
 PSYoungGen      total 528896K, used 74208K [0x00000000d8100000, 0x0000000100000000, 0x0000000100000000)
  eden space 454656K, 0% used [0x00000000d8100000,0x00000000d8100000,0x00000000f3d00000)
  from space 74240K, 99% used [0x00000000fb780000,0x00000000ffff8010,0x0000000100000000)
  to   space 99840K, 0% used [0x00000000f3d00000,0x00000000f3d00000,0x00000000f9e80000)
 ParOldGen       total 154112K, used 146507K [0x0000000088200000, 0x0000000091880000, 0x00000000d8100000)
  object space 154112K, 95% used [0x0000000088200000,0x0000000091112d28,0x0000000091880000)
 Metaspace       used 12625K, capacity 12774K, committed 13056K, reserved 1060864K
  class space    used 1707K, capacity 1775K, committed 1792K, reserved 1048576K
}
Event: 7.698 GC heap before
{Heap before GC invocations=12 (full 2):
 PSYoungGen      total 528896K, used 74208K [0x00000000d8100000, 0x0000000100000000, 0x0000000100000000)
  eden space 454656K, 0% used [0x00000000d8100000,0x00000000d8100000,0x00000000f3d00000)
  from space 74240K, 99% used [0x00000000fb780000,0x00000000ffff8010,0x0000000100000000)
  to   space 99840K, 0% used [0x00000000f3d00000,0x00000000f3d00000,0x00000000f9e80000)
 ParOldGen       total 154112K, used 146507K [0x0000000088200000, 0x0000000091880000, 0x00000000d8100000)
  object space 154112K, 95% used [0x0000000088200000,0x0000000091112d28,0x0000000091880000)
 Metaspace       used 12625K, capacity 12774K, committed 13056K, reserved 1060864K
  class space    used 1707K, capacity 1775K, committed 1792K, reserved 1048576K
Event: 8.773 GC heap after
Heap after GC invocations=12 (full 2):
 PSYoungGen      total 528896K, used 65832K [0x00000000d8100000, 0x0000000100000000, 0x0000000100000000)
  eden space 454656K, 0% used [0x00000000d8100000,0x00000000d8100000,0x00000000f3d00000)
  from space 74240K, 88% used [0x00000000fb780000,0x00000000ff7ca290,0x0000000100000000)
  to   space 99840K, 0% used [0x00000000f3d00000,0x00000000f3d00000,0x00000000f9e80000)
 ParOldGen       total 272384K, used 154021K [0x0000000088200000, 0x0000000098c00000, 0x00000000d8100000)
  object space 272384K, 56% used [0x0000000088200000,0x00000000918696a0,0x0000000098c00000)
 Metaspace       used 12625K, capacity 12774K, committed 13056K, reserved 1060864K
  class space    used 1707K, capacity 1775K, committed 1792K, reserved 1048576K
}
Event: 9.325 GC heap before
{Heap before GC invocations=13 (full 2):
 PSYoungGen      total 528896K, used 520488K [0x00000000d8100000, 0x0000000100000000, 0x0000000100000000)
  eden space 454656K, 100% used [0x00000000d8100000,0x00000000f3d00000,0x00000000f3d00000)
  from space 74240K, 88% used [0x00000000fb780000,0x00000000ff7ca290,0x0000000100000000)
  to   space 99840K, 0% used [0x00000000f3d00000,0x00000000f3d00000,0x00000000f9e80000)
 ParOldGen       total 272384K, used 154021K [0x0000000088200000, 0x0000000098c00000, 0x00000000d8100000)
  object space 272384K, 56% used [0x0000000088200000,0x00000000918696a0,0x0000000098c00000)
 Metaspace       used 12627K, capacity 12774K, committed 13056K, reserved 1060864K
  class space    used 1707K, capacity 1775K, committed 1792K, reserved 1048576K
Event: 9.524 GC heap after
Heap after GC invocations=13 (full 2):
 PSYoungGen      total 554496K, used 53120K [0x00000000d8100000, 0x0000000100000000, 0x0000000100000000)
  eden space 454656K, 0% used [0x00000000d8100000,0x00000000d8100000,0x00000000f3d00000)
  from space 99840K, 53% used [0x00000000f3d00000,0x00000000f70e0000,0x00000000f9e80000)
  to   space 99840K, 0% used [0x00000000f9e80000,0x00000000f9e80000,0x0000000100000000)
 ParOldGen       total 272384K, used 220493K [0x0000000088200000, 0x0000000098c00000, 0x00000000d8100000)
  object space 272384K, 80% used [0x0000000088200000,0x00000000959536b0,0x0000000098c00000)
 Metaspace       used 12627K, capacity 12774K, committed 13056K, reserved 1060864K
  class space    used 1707K, capacity 1775K, committed 1792K, reserved 1048576K
}
Event: 9.524 GC heap before
{Heap before GC invocations=14 (full 3):
 PSYoungGen      total 554496K, used 53120K [0x00000000d8100000, 0x0000000100000000, 0x0000000100000000)
  eden space 454656K, 0% used [0x00000000d8100000,0x00000000d8100000,0x00000000f3d00000)
  from space 99840K, 53% used [0x00000000f3d00000,0x00000000f70e0000,0x00000000f9e80000)
  to   space 99840K, 0% used [0x00000000f9e80000,0x00000000f9e80000,0x0000000100000000)
 ParOldGen       total 272384K, used 220493K [0x0000000088200000, 0x0000000098c00000, 0x00000000d8100000)
  object space 272384K, 80% used [0x0000000088200000,0x00000000959536b0,0x0000000098c00000)
 Metaspace       used 12627K, capacity 12774K, committed 13056K, reserved 1060864K
  class space    used 1707K, capacity 1775K, committed 1792K, reserved 1048576K
Event: 10.765 GC heap after
Heap after GC invocations=14 (full 3):
 PSYoungGen      total 554496K, used 843K [0x00000000d8100000, 0x0000000100000000, 0x0000000100000000)
  eden space 454656K, 0% used [0x00000000d8100000,0x00000000d8100000,0x00000000f3d00000)
  from space 99840K, 0% used [0x00000000f3d00000,0x00000000f3dd2fe0,0x00000000f9e80000)
  to   space 99840K, 0% used [0x00000000f9e80000,0x00000000f9e80000,0x0000000100000000)
 ParOldGen       total 442368K, used 271900K [0x0000000088200000, 0x00000000a3200000, 0x00000000d8100000)
  object space 442368K, 61% used [0x0000000088200000,0x0000000098b87350,0x00000000a3200000)
 Metaspace       used 12627K, capacity 12774K, committed 13056K, reserved 1060864K
  class space    used 1707K, capacity 1775K, committed 1792K, reserved 1048576K
}

